[GIN-debug] [WARNING] Creating an Engine instance with the Logger and Recovery middleware already attached.

[GIN-debug] [WARNING] Running in "debug" mode. Switch to "release" mode in production.
 - using env:	export GIN_MODE=release
 - using code:	gin.SetMode(gin.ReleaseMode)

[GIN-debug] GET    /debug/pprof/             --> github.com/gin-contrib/pprof.RouteRegister.WrapF.func1 (4 handlers)
[GIN-debug] GET    /debug/pprof/cmdline      --> github.com/gin-contrib/pprof.RouteRegister.WrapF.func2 (4 handlers)
[GIN-debug] GET    /debug/pprof/profile      --> github.com/gin-contrib/pprof.RouteRegister.WrapF.func3 (4 handlers)
[GIN-debug] POST   /debug/pprof/symbol       --> github.com/gin-contrib/pprof.RouteRegister.WrapF.func4 (4 handlers)
[GIN-debug] GET    /debug/pprof/symbol       --> github.com/gin-contrib/pprof.RouteRegister.WrapF.func5 (4 handlers)
[GIN-debug] GET    /debug/pprof/trace        --> github.com/gin-contrib/pprof.RouteRegister.WrapF.func6 (4 handlers)
[GIN-debug] GET    /debug/pprof/allocs       --> github.com/gin-contrib/pprof.RouteRegister.WrapH.func7 (4 handlers)
[GIN-debug] GET    /debug/pprof/block        --> github.com/gin-contrib/pprof.RouteRegister.WrapH.func8 (4 handlers)
[GIN-debug] GET    /debug/pprof/goroutine    --> github.com/gin-contrib/pprof.RouteRegister.WrapH.func9 (4 handlers)
[GIN-debug] GET    /debug/pprof/heap         --> github.com/gin-contrib/pprof.RouteRegister.WrapH.func10 (4 handlers)
[GIN-debug] GET    /debug/pprof/mutex        --> github.com/gin-contrib/pprof.RouteRegister.WrapH.func11 (4 handlers)
[GIN-debug] GET    /debug/pprof/threadcreate --> github.com/gin-contrib/pprof.RouteRegister.WrapH.func12 (4 handlers)
[GIN-debug] GET    /aa                       --> main.main.func1 (4 handlers)
[GIN] 2024/04/27 - 09:27:18 | 200 |       903.4µs |       127.0.0.1 | GET      "/debug/pprof/"
[GIN] 2024/04/27 - 09:27:24 | 200 |            0s |       127.0.0.1 | GET      "/debug/pprof/block?debug=1"
[GIN] 2024/04/27 - 09:27:27 | 200 |      2.4424ms |       127.0.0.1 | GET      "/debug/pprof/allocs?debug=1"
[GIN] 2024/04/27 - 09:29:18 | 200 |   30.0147621s |       127.0.0.1 | GET      "/debug/pprof/profile"
